<?xml version="1.0" encoding="UTF-8"?>
<testng-results skipped="0" failed="1" ignored="0" total="5" passed="4">
  <reporter-output>
  </reporter-output>
  <suite name="Regression API Test Suite" duration-ms="9849" started-at="2020-05-11T18:26:15 IST" finished-at="2020-05-11T18:26:25 IST">
    <groups>
    </groups>
    <test name="Driscolls api App Test Cases" duration-ms="9849" started-at="2020-05-11T18:26:15 IST" finished-at="2020-05-11T18:26:25 IST">
      <class name="com.enquero.api.driscolls.tests.testEmployeeAPI">
        <test-method status="PASS" signature="beforeTest()[pri:0, instance:com.enquero.api.driscolls.tests.testEmployeeAPI@6acdbdf5]" name="beforeTest" is-config="true" duration-ms="981" started-at="2020-05-11T18:26:15 IST" finished-at="2020-05-11T18:26:16 IST">
          <reporter-output>
          </reporter-output>
        </test-method> <!-- beforeTest -->
        <test-method status="PASS" signature="getEmployeeDetails()[pri:0, instance:com.enquero.api.driscolls.tests.testEmployeeAPI@6acdbdf5]" name="getEmployeeDetails" duration-ms="4528" started-at="2020-05-11T18:26:16 IST" finished-at="2020-05-11T18:26:21 IST">
          <reporter-output>
          </reporter-output>
        </test-method> <!-- getEmployeeDetails -->
        <test-method status="PASS" signature="postEmployeeDetails()[pri:1, instance:com.enquero.api.driscolls.tests.testEmployeeAPI@6acdbdf5]" name="postEmployeeDetails" duration-ms="1511" started-at="2020-05-11T18:26:21 IST" finished-at="2020-05-11T18:26:22 IST">
          <reporter-output>
          </reporter-output>
        </test-method> <!-- postEmployeeDetails -->
        <test-method status="FAIL" signature="getEmployeeIdDetails()[pri:2, instance:com.enquero.api.driscolls.tests.testEmployeeAPI@6acdbdf5]" name="getEmployeeIdDetails" duration-ms="880" started-at="2020-05-11T18:26:22 IST" finished-at="2020-05-11T18:26:23 IST">
          <exception class="java.lang.AssertionError">
            <message>
              <![CDATA[1 expectation failed.
Expected status code <200> but was <400>.
]]>
            </message>
            <full-stacktrace>
              <![CDATA[java.lang.AssertionError: 1 expectation failed.
Expected status code <200> but was <400>.

at sun.reflect.NativeConstructorAccessorImpl.newInstance0(Native Method)
at sun.reflect.NativeConstructorAccessorImpl.newInstance(NativeConstructorAccessorImpl.java:62)
at sun.reflect.DelegatingConstructorAccessorImpl.newInstance(DelegatingConstructorAccessorImpl.java:45)
at java.lang.reflect.Constructor.newInstance(Constructor.java:423)
at org.codehaus.groovy.reflection.CachedConstructor.invoke(CachedConstructor.java:72)
at org.codehaus.groovy.reflection.CachedConstructor.doConstructorInvoke(CachedConstructor.java:59)
at org.codehaus.groovy.runtime.callsite.ConstructorSite$ConstructorSiteNoUnwrap.callConstructor(ConstructorSite.java:84)
at org.codehaus.groovy.runtime.callsite.CallSiteArray.defaultCallConstructor(CallSiteArray.java:59)
at org.codehaus.groovy.runtime.callsite.AbstractCallSite.callConstructor(AbstractCallSite.java:263)
at org.codehaus.groovy.runtime.callsite.AbstractCallSite.callConstructor(AbstractCallSite.java:277)
at io.restassured.internal.ResponseSpecificationImpl$HamcrestAssertionClosure.validate(ResponseSpecificationImpl.groovy:493)
at io.restassured.internal.ResponseSpecificationImpl$HamcrestAssertionClosure$validate$1.call(Unknown Source)
at io.restassured.internal.ResponseSpecificationImpl.validateResponseIfRequired(ResponseSpecificationImpl.groovy:674)
at sun.reflect.NativeMethodAccessorImpl.invoke0(Native Method)
at sun.reflect.NativeMethodAccessorImpl.invoke(NativeMethodAccessorImpl.java:62)
at sun.reflect.DelegatingMethodAccessorImpl.invoke(DelegatingMethodAccessorImpl.java:43)
at java.lang.reflect.Method.invoke(Method.java:498)
at org.codehaus.groovy.runtime.callsite.PlainObjectMetaMethodSite.doInvoke(PlainObjectMetaMethodSite.java:43)
at org.codehaus.groovy.runtime.callsite.PogoMetaMethodSite$PogoCachedMethodSiteNoUnwrapNoCoerce.invoke(PogoMetaMethodSite.java:193)
at org.codehaus.groovy.runtime.callsite.PogoMetaMethodSite.callCurrent(PogoMetaMethodSite.java:61)
at org.codehaus.groovy.runtime.callsite.AbstractCallSite.callCurrent(AbstractCallSite.java:185)
at io.restassured.internal.ResponseSpecificationImpl.statusCode(ResponseSpecificationImpl.groovy:126)
at io.restassured.specification.ResponseSpecification$statusCode$0.callCurrent(Unknown Source)
at io.restassured.internal.ResponseSpecificationImpl.statusCode(ResponseSpecificationImpl.groovy:134)
at io.restassured.internal.ValidatableResponseOptionsImpl.statusCode(ValidatableResponseOptionsImpl.java:89)
at io.restassured.internal.ValidatableResponseImpl.super$2$statusCode(ValidatableResponseImpl.groovy)
at sun.reflect.NativeMethodAccessorImpl.invoke0(Native Method)
at sun.reflect.NativeMethodAccessorImpl.invoke(NativeMethodAccessorImpl.java:62)
at sun.reflect.DelegatingMethodAccessorImpl.invoke(DelegatingMethodAccessorImpl.java:43)
at java.lang.reflect.Method.invoke(Method.java:498)
at org.codehaus.groovy.reflection.CachedMethod.invoke(CachedMethod.java:107)
at groovy.lang.MetaMethod.doMethodInvoke(MetaMethod.java:323)
at groovy.lang.MetaClassImpl.invokeMethod(MetaClassImpl.java:1262)
at org.codehaus.groovy.runtime.ScriptBytecodeAdapter.invokeMethodOnSuperN(ScriptBytecodeAdapter.java:144)
at io.restassured.internal.ValidatableResponseImpl.statusCode(ValidatableResponseImpl.groovy:142)
at io.restassured.internal.ValidatableResponseImpl.statusCode(ValidatableResponseImpl.groovy)
at com.enquero.api.driscolls.tests.testEmployeeAPI.getRequest(testEmployeeAPI.java:329)
at com.enquero.api.driscolls.tests.testEmployeeAPI.getEmployeeIdDetails(testEmployeeAPI.java:124)
at sun.reflect.NativeMethodAccessorImpl.invoke0(Native Method)
at sun.reflect.NativeMethodAccessorImpl.invoke(NativeMethodAccessorImpl.java:62)
at sun.reflect.DelegatingMethodAccessorImpl.invoke(DelegatingMethodAccessorImpl.java:43)
at java.lang.reflect.Method.invoke(Method.java:498)
at org.testng.internal.MethodInvocationHelper.invokeMethod(MethodInvocationHelper.java:133)
at org.testng.internal.TestInvoker.invokeMethod(TestInvoker.java:584)
at org.testng.internal.TestInvoker.invokeTestMethod(TestInvoker.java:172)
at org.testng.internal.MethodRunner.runInSequence(MethodRunner.java:46)
at org.testng.internal.TestInvoker$MethodInvocationAgent.invoke(TestInvoker.java:804)
at org.testng.internal.TestInvoker.invokeTestMethods(TestInvoker.java:145)
at org.testng.internal.TestMethodWorker.invokeTestMethods(TestMethodWorker.java:146)
at org.testng.internal.TestMethodWorker.run(TestMethodWorker.java:128)
at java.util.concurrent.ThreadPoolExecutor.runWorker(ThreadPoolExecutor.java:1149)
at java.util.concurrent.ThreadPoolExecutor$Worker.run(ThreadPoolExecutor.java:624)
at java.lang.Thread.run(Thread.java:748)
]]>
            </full-stacktrace>
          </exception> <!-- java.lang.AssertionError -->
          <reporter-output>
          </reporter-output>
        </test-method> <!-- getEmployeeIdDetails -->
        <test-method status="PASS" signature="updateEmployeeDetails()[pri:3, instance:com.enquero.api.driscolls.tests.testEmployeeAPI@6acdbdf5]" name="updateEmployeeDetails" duration-ms="985" started-at="2020-05-11T18:26:23 IST" depends-on-methods="com.enquero.api.driscolls.tests.testEmployeeAPI.postEmployeeDetails" finished-at="2020-05-11T18:26:24 IST">
          <reporter-output>
          </reporter-output>
        </test-method> <!-- updateEmployeeDetails -->
        <test-method status="PASS" signature="deleteEmployeeRecord()[pri:4, instance:com.enquero.api.driscolls.tests.testEmployeeAPI@6acdbdf5]" name="deleteEmployeeRecord" duration-ms="888" started-at="2020-05-11T18:26:24 IST" depends-on-methods="com.enquero.api.driscolls.tests.testEmployeeAPI.updateEmployeeDetails" finished-at="2020-05-11T18:26:25 IST">
          <reporter-output>
          </reporter-output>
        </test-method> <!-- deleteEmployeeRecord -->
        <test-method status="PASS" signature="afterTest()[pri:0, instance:com.enquero.api.driscolls.tests.testEmployeeAPI@6acdbdf5]" name="afterTest" is-config="true" duration-ms="1" started-at="2020-05-11T18:26:25 IST" finished-at="2020-05-11T18:26:25 IST">
          <reporter-output>
          </reporter-output>
        </test-method> <!-- afterTest -->
      </class> <!-- com.enquero.api.driscolls.tests.testEmployeeAPI -->
    </test> <!-- Driscolls api App Test Cases -->
  </suite> <!-- Regression API Test Suite -->
</testng-results>
